#-----------------------------------------------------------
# Vivado v2018.1 (64-bit)
# SW Build 2188600 on Wed Apr  4 18:40:38 MDT 2018
# IP Build 2185939 on Wed Apr  4 20:55:05 MDT 2018
# Start of session at: Wed Jun 20 15:34:49 2018
# Process ID: 4308
# Current directory: C:/Users/smelvinsky/Desktop/distance_zybo2
# Command line: vivado.exe -gui_launcher_event rodinguilauncherevent3944 C:\Users\smelvinsky\Desktop\distance_zybo2\distance_zybo2.xpr
# Log file: C:/Users/smelvinsky/Desktop/distance_zybo2/vivado.log
# Journal file: C:/Users/smelvinsky/Desktop/distance_zybo2\vivado.jou
#-----------------------------------------------------------
start_gui
open_project C:/Users/smelvinsky/Desktop/distance_zybo2/distance_zybo2.xpr
INFO: [Project 1-313] Project file moved from 'C:/Users/Pulpecik/distance_zybo2' since last save.
Scanning sources...
Finished scanning sources
WARNING: [filemgmt 56-2] IP Repository Path: Could not find the directory 'C:/Users/smelvinsky/Desktop/ip_repo/distance_zybo2_ip_1.0', nor could it be found using path 'C:/Users/Pulpecik/ip_repo/distance_zybo2_ip_1.0'.
INFO: [IP_Flow 19-234] Refreshing IP repositories
WARNING: [IP_Flow 19-2248] Failed to load user IP repository 'c:/Users/smelvinsky/Desktop/ip_repo/distance_zybo2_ip_1.0'; Can't find the specified path.
If this directory should no longer be in your list of user repositories, go to the IP Settings dialog and remove it.
INFO: [IP_Flow 19-2313] Loaded Vivado IP repository 'C:/Xilinx/Vivado/2018.1/data/ip'.
WARNING: [BD 41-1661] One or more IPs have been locked in the design 'design_zybo2.bd'. Please run report_ip_status for more details and recommendations on how to fix this issue.
List of locked IPs:
design_zybo2_distance_zybo2_ip_0_0

open_project: Time (s): cpu = 00:00:41 ; elapsed = 00:00:24 . Memory (MB): peak = 822.156 ; gain = 98.480
update_compile_order -fileset sources_1
INFO: [Vivado 12-4158] Exported Hardware file is out of date. Exported hardware information may be inconsistent with respect to the current state of the design. It is recommended that you re-export the design and launch SDK otherwise SDK is launched with out of date hardware system file.
launch_sdk -workspace C:/Users/smelvinsky/Desktop/distance_zybo2/distance_zybo2.sdk -hwspec C:/Users/smelvinsky/Desktop/distance_zybo2/distance_zybo2.sdk/design_zybo2_wrapper.hdf
INFO: [Vivado 12-393] Launching SDK...
INFO: [Vivado 12-417] Running xsdk -workspace C:/Users/smelvinsky/Desktop/distance_zybo2/distance_zybo2.sdk -hwspec C:/Users/smelvinsky/Desktop/distance_zybo2/distance_zybo2.sdk/design_zybo2_wrapper.hdf
INFO: [Vivado 12-3157] SDK launch initiated. Please check console for any further messages.
exit
INFO: [Common 17-206] Exiting Vivado at Wed Jun 20 16:05:37 2018...
