
*** Running vivado
    with args -log design_zybo2_distance_zybo2_ip_0_0.vds -m64 -product Vivado -mode batch -messageDb vivado.pb -notrace -source design_zybo2_distance_zybo2_ip_0_0.tcl


****** Vivado v2018.1 (64-bit)
  **** SW Build 2188600 on Wed Apr  4 18:40:38 MDT 2018
  **** IP Build 2185939 on Wed Apr  4 20:55:05 MDT 2018
    ** Copyright 1986-2018 Xilinx, Inc. All Rights Reserved.

source design_zybo2_distance_zybo2_ip_0_0.tcl -notrace
create_project: Time (s): cpu = 00:00:06 ; elapsed = 00:00:08 . Memory (MB): peak = 326.855 ; gain = 93.008
Command: synth_design -top design_zybo2_distance_zybo2_ip_0_0 -part xc7z010clg400-1 -mode out_of_context
Starting synth_design
Attempting to get a license for feature 'Synthesis' and/or device 'xc7z010'
INFO: [Common 17-349] Got license for feature 'Synthesis' and/or device 'xc7z010'
INFO: Launching helper process for spawning children vivado processes
INFO: Helper process launched with PID 10848 
---------------------------------------------------------------------------------
Starting RTL Elaboration : Time (s): cpu = 00:00:23 ; elapsed = 00:00:32 . Memory (MB): peak = 470.750 ; gain = 99.586
---------------------------------------------------------------------------------
INFO: [Synth 8-6157] synthesizing module 'design_zybo2_distance_zybo2_ip_0_0' [c:/Users/Pulpecik/distance_zybo2/distance_zybo2.srcs/sources_1/bd/design_zybo2/ip/design_zybo2_distance_zybo2_ip_0_0/synth/design_zybo2_distance_zybo2_ip_0_0.v:57]
INFO: [Synth 8-6157] synthesizing module 'distance_zybo2_ip_v1_0' [c:/Users/Pulpecik/distance_zybo2/distance_zybo2.srcs/sources_1/bd/design_zybo2/ipshared/1062/hdl/distance_zybo2_ip_v1_0.v:4]
	Parameter C_S00_AXI_DATA_WIDTH bound to: 32 - type: integer 
	Parameter C_S00_AXI_ADDR_WIDTH bound to: 8 - type: integer 
INFO: [Synth 8-6157] synthesizing module 'distance_zybo2_ip_v1_0_S00_AXI' [c:/Users/Pulpecik/distance_zybo2/distance_zybo2.srcs/sources_1/bd/design_zybo2/ipshared/1062/hdl/distance_zybo2_ip_v1_0_S00_AXI.v:4]
	Parameter C_S_AXI_DATA_WIDTH bound to: 32 - type: integer 
	Parameter C_S_AXI_ADDR_WIDTH bound to: 8 - type: integer 
	Parameter ADDR_LSB bound to: 2 - type: integer 
	Parameter OPT_MEM_ADDR_BITS bound to: 5 - type: integer 
INFO: [Synth 8-6157] synthesizing module 'distance' [c:/Users/Pulpecik/distance_zybo2/distance_zybo2.srcs/sources_1/bd/design_zybo2/ipshared/1062/hdl/distance_zybo2_ip_v1_0_S00_AXI.v:1086]
	Parameter n bound to: 28 - type: integer 
	Parameter S0 bound to: 4'b0000 
	Parameter S1 bound to: 4'b0001 
	Parameter S2 bound to: 4'b0010 
	Parameter S3 bound to: 4'b0011 
	Parameter S4 bound to: 4'b0100 
	Parameter S5 bound to: 4'b0101 
	Parameter S6 bound to: 4'b0110 
	Parameter S7 bound to: 4'b0111 
INFO: [Synth 8-6155] done synthesizing module 'distance' (1#1) [c:/Users/Pulpecik/distance_zybo2/distance_zybo2.srcs/sources_1/bd/design_zybo2/ipshared/1062/hdl/distance_zybo2_ip_v1_0_S00_AXI.v:1086]
WARNING: [Synth 8-689] width (32) of port connection 'start' does not match port width (1) of module 'distance' [c:/Users/Pulpecik/distance_zybo2/distance_zybo2.srcs/sources_1/bd/design_zybo2/ipshared/1062/hdl/distance_zybo2_ip_v1_0_S00_AXI.v:1021]
WARNING: [Synth 8-689] width (32) of port connection 'image1_in_0' does not match port width (28) of module 'distance' [c:/Users/Pulpecik/distance_zybo2/distance_zybo2.srcs/sources_1/bd/design_zybo2/ipshared/1062/hdl/distance_zybo2_ip_v1_0_S00_AXI.v:1022]
WARNING: [Synth 8-689] width (32) of port connection 'image1_in_1' does not match port width (28) of module 'distance' [c:/Users/Pulpecik/distance_zybo2/distance_zybo2.srcs/sources_1/bd/design_zybo2/ipshared/1062/hdl/distance_zybo2_ip_v1_0_S00_AXI.v:1023]
WARNING: [Synth 8-689] width (32) of port connection 'image1_in_2' does not match port width (28) of module 'distance' [c:/Users/Pulpecik/distance_zybo2/distance_zybo2.srcs/sources_1/bd/design_zybo2/ipshared/1062/hdl/distance_zybo2_ip_v1_0_S00_AXI.v:1024]
WARNING: [Synth 8-689] width (32) of port connection 'image1_in_3' does not match port width (28) of module 'distance' [c:/Users/Pulpecik/distance_zybo2/distance_zybo2.srcs/sources_1/bd/design_zybo2/ipshared/1062/hdl/distance_zybo2_ip_v1_0_S00_AXI.v:1025]
WARNING: [Synth 8-689] width (32) of port connection 'image1_in_4' does not match port width (28) of module 'distance' [c:/Users/Pulpecik/distance_zybo2/distance_zybo2.srcs/sources_1/bd/design_zybo2/ipshared/1062/hdl/distance_zybo2_ip_v1_0_S00_AXI.v:1026]
WARNING: [Synth 8-689] width (32) of port connection 'image1_in_5' does not match port width (28) of module 'distance' [c:/Users/Pulpecik/distance_zybo2/distance_zybo2.srcs/sources_1/bd/design_zybo2/ipshared/1062/hdl/distance_zybo2_ip_v1_0_S00_AXI.v:1027]
WARNING: [Synth 8-689] width (32) of port connection 'image1_in_6' does not match port width (28) of module 'distance' [c:/Users/Pulpecik/distance_zybo2/distance_zybo2.srcs/sources_1/bd/design_zybo2/ipshared/1062/hdl/distance_zybo2_ip_v1_0_S00_AXI.v:1028]
WARNING: [Synth 8-689] width (32) of port connection 'image1_in_7' does not match port width (28) of module 'distance' [c:/Users/Pulpecik/distance_zybo2/distance_zybo2.srcs/sources_1/bd/design_zybo2/ipshared/1062/hdl/distance_zybo2_ip_v1_0_S00_AXI.v:1029]
WARNING: [Synth 8-689] width (32) of port connection 'image1_in_8' does not match port width (28) of module 'distance' [c:/Users/Pulpecik/distance_zybo2/distance_zybo2.srcs/sources_1/bd/design_zybo2/ipshared/1062/hdl/distance_zybo2_ip_v1_0_S00_AXI.v:1030]
WARNING: [Synth 8-689] width (32) of port connection 'image1_in_9' does not match port width (28) of module 'distance' [c:/Users/Pulpecik/distance_zybo2/distance_zybo2.srcs/sources_1/bd/design_zybo2/ipshared/1062/hdl/distance_zybo2_ip_v1_0_S00_AXI.v:1031]
WARNING: [Synth 8-689] width (32) of port connection 'image1_in_10' does not match port width (28) of module 'distance' [c:/Users/Pulpecik/distance_zybo2/distance_zybo2.srcs/sources_1/bd/design_zybo2/ipshared/1062/hdl/distance_zybo2_ip_v1_0_S00_AXI.v:1032]
WARNING: [Synth 8-689] width (32) of port connection 'image1_in_11' does not match port width (28) of module 'distance' [c:/Users/Pulpecik/distance_zybo2/distance_zybo2.srcs/sources_1/bd/design_zybo2/ipshared/1062/hdl/distance_zybo2_ip_v1_0_S00_AXI.v:1033]
WARNING: [Synth 8-689] width (32) of port connection 'image1_in_12' does not match port width (28) of module 'distance' [c:/Users/Pulpecik/distance_zybo2/distance_zybo2.srcs/sources_1/bd/design_zybo2/ipshared/1062/hdl/distance_zybo2_ip_v1_0_S00_AXI.v:1034]
WARNING: [Synth 8-689] width (32) of port connection 'image1_in_13' does not match port width (28) of module 'distance' [c:/Users/Pulpecik/distance_zybo2/distance_zybo2.srcs/sources_1/bd/design_zybo2/ipshared/1062/hdl/distance_zybo2_ip_v1_0_S00_AXI.v:1035]
WARNING: [Synth 8-689] width (32) of port connection 'image1_in_14' does not match port width (28) of module 'distance' [c:/Users/Pulpecik/distance_zybo2/distance_zybo2.srcs/sources_1/bd/design_zybo2/ipshared/1062/hdl/distance_zybo2_ip_v1_0_S00_AXI.v:1036]
WARNING: [Synth 8-689] width (32) of port connection 'image1_in_15' does not match port width (28) of module 'distance' [c:/Users/Pulpecik/distance_zybo2/distance_zybo2.srcs/sources_1/bd/design_zybo2/ipshared/1062/hdl/distance_zybo2_ip_v1_0_S00_AXI.v:1037]
WARNING: [Synth 8-689] width (32) of port connection 'image1_in_16' does not match port width (28) of module 'distance' [c:/Users/Pulpecik/distance_zybo2/distance_zybo2.srcs/sources_1/bd/design_zybo2/ipshared/1062/hdl/distance_zybo2_ip_v1_0_S00_AXI.v:1038]
WARNING: [Synth 8-689] width (32) of port connection 'image1_in_17' does not match port width (28) of module 'distance' [c:/Users/Pulpecik/distance_zybo2/distance_zybo2.srcs/sources_1/bd/design_zybo2/ipshared/1062/hdl/distance_zybo2_ip_v1_0_S00_AXI.v:1039]
WARNING: [Synth 8-689] width (32) of port connection 'image1_in_18' does not match port width (28) of module 'distance' [c:/Users/Pulpecik/distance_zybo2/distance_zybo2.srcs/sources_1/bd/design_zybo2/ipshared/1062/hdl/distance_zybo2_ip_v1_0_S00_AXI.v:1040]
WARNING: [Synth 8-689] width (32) of port connection 'image1_in_19' does not match port width (28) of module 'distance' [c:/Users/Pulpecik/distance_zybo2/distance_zybo2.srcs/sources_1/bd/design_zybo2/ipshared/1062/hdl/distance_zybo2_ip_v1_0_S00_AXI.v:1041]
WARNING: [Synth 8-689] width (32) of port connection 'image1_in_20' does not match port width (28) of module 'distance' [c:/Users/Pulpecik/distance_zybo2/distance_zybo2.srcs/sources_1/bd/design_zybo2/ipshared/1062/hdl/distance_zybo2_ip_v1_0_S00_AXI.v:1042]
WARNING: [Synth 8-689] width (32) of port connection 'image1_in_21' does not match port width (28) of module 'distance' [c:/Users/Pulpecik/distance_zybo2/distance_zybo2.srcs/sources_1/bd/design_zybo2/ipshared/1062/hdl/distance_zybo2_ip_v1_0_S00_AXI.v:1043]
WARNING: [Synth 8-689] width (32) of port connection 'image1_in_22' does not match port width (28) of module 'distance' [c:/Users/Pulpecik/distance_zybo2/distance_zybo2.srcs/sources_1/bd/design_zybo2/ipshared/1062/hdl/distance_zybo2_ip_v1_0_S00_AXI.v:1044]
WARNING: [Synth 8-689] width (32) of port connection 'image1_in_23' does not match port width (28) of module 'distance' [c:/Users/Pulpecik/distance_zybo2/distance_zybo2.srcs/sources_1/bd/design_zybo2/ipshared/1062/hdl/distance_zybo2_ip_v1_0_S00_AXI.v:1045]
WARNING: [Synth 8-689] width (32) of port connection 'image1_in_24' does not match port width (28) of module 'distance' [c:/Users/Pulpecik/distance_zybo2/distance_zybo2.srcs/sources_1/bd/design_zybo2/ipshared/1062/hdl/distance_zybo2_ip_v1_0_S00_AXI.v:1046]
WARNING: [Synth 8-689] width (32) of port connection 'image1_in_25' does not match port width (28) of module 'distance' [c:/Users/Pulpecik/distance_zybo2/distance_zybo2.srcs/sources_1/bd/design_zybo2/ipshared/1062/hdl/distance_zybo2_ip_v1_0_S00_AXI.v:1047]
WARNING: [Synth 8-689] width (32) of port connection 'image1_in_26' does not match port width (28) of module 'distance' [c:/Users/Pulpecik/distance_zybo2/distance_zybo2.srcs/sources_1/bd/design_zybo2/ipshared/1062/hdl/distance_zybo2_ip_v1_0_S00_AXI.v:1048]
WARNING: [Synth 8-689] width (32) of port connection 'image1_in_27' does not match port width (28) of module 'distance' [c:/Users/Pulpecik/distance_zybo2/distance_zybo2.srcs/sources_1/bd/design_zybo2/ipshared/1062/hdl/distance_zybo2_ip_v1_0_S00_AXI.v:1049]
WARNING: [Synth 8-689] width (32) of port connection 'image2_in_0' does not match port width (28) of module 'distance' [c:/Users/Pulpecik/distance_zybo2/distance_zybo2.srcs/sources_1/bd/design_zybo2/ipshared/1062/hdl/distance_zybo2_ip_v1_0_S00_AXI.v:1050]
WARNING: [Synth 8-689] width (32) of port connection 'image2_in_1' does not match port width (28) of module 'distance' [c:/Users/Pulpecik/distance_zybo2/distance_zybo2.srcs/sources_1/bd/design_zybo2/ipshared/1062/hdl/distance_zybo2_ip_v1_0_S00_AXI.v:1051]
WARNING: [Synth 8-689] width (32) of port connection 'image2_in_2' does not match port width (28) of module 'distance' [c:/Users/Pulpecik/distance_zybo2/distance_zybo2.srcs/sources_1/bd/design_zybo2/ipshared/1062/hdl/distance_zybo2_ip_v1_0_S00_AXI.v:1052]
WARNING: [Synth 8-689] width (32) of port connection 'image2_in_3' does not match port width (28) of module 'distance' [c:/Users/Pulpecik/distance_zybo2/distance_zybo2.srcs/sources_1/bd/design_zybo2/ipshared/1062/hdl/distance_zybo2_ip_v1_0_S00_AXI.v:1053]
WARNING: [Synth 8-689] width (32) of port connection 'image2_in_4' does not match port width (28) of module 'distance' [c:/Users/Pulpecik/distance_zybo2/distance_zybo2.srcs/sources_1/bd/design_zybo2/ipshared/1062/hdl/distance_zybo2_ip_v1_0_S00_AXI.v:1054]
WARNING: [Synth 8-689] width (32) of port connection 'image2_in_5' does not match port width (28) of module 'distance' [c:/Users/Pulpecik/distance_zybo2/distance_zybo2.srcs/sources_1/bd/design_zybo2/ipshared/1062/hdl/distance_zybo2_ip_v1_0_S00_AXI.v:1055]
WARNING: [Synth 8-689] width (32) of port connection 'image2_in_6' does not match port width (28) of module 'distance' [c:/Users/Pulpecik/distance_zybo2/distance_zybo2.srcs/sources_1/bd/design_zybo2/ipshared/1062/hdl/distance_zybo2_ip_v1_0_S00_AXI.v:1056]
WARNING: [Synth 8-689] width (32) of port connection 'image2_in_7' does not match port width (28) of module 'distance' [c:/Users/Pulpecik/distance_zybo2/distance_zybo2.srcs/sources_1/bd/design_zybo2/ipshared/1062/hdl/distance_zybo2_ip_v1_0_S00_AXI.v:1057]
WARNING: [Synth 8-689] width (32) of port connection 'image2_in_8' does not match port width (28) of module 'distance' [c:/Users/Pulpecik/distance_zybo2/distance_zybo2.srcs/sources_1/bd/design_zybo2/ipshared/1062/hdl/distance_zybo2_ip_v1_0_S00_AXI.v:1058]
WARNING: [Synth 8-689] width (32) of port connection 'image2_in_9' does not match port width (28) of module 'distance' [c:/Users/Pulpecik/distance_zybo2/distance_zybo2.srcs/sources_1/bd/design_zybo2/ipshared/1062/hdl/distance_zybo2_ip_v1_0_S00_AXI.v:1059]
WARNING: [Synth 8-689] width (32) of port connection 'image2_in_10' does not match port width (28) of module 'distance' [c:/Users/Pulpecik/distance_zybo2/distance_zybo2.srcs/sources_1/bd/design_zybo2/ipshared/1062/hdl/distance_zybo2_ip_v1_0_S00_AXI.v:1060]
WARNING: [Synth 8-689] width (32) of port connection 'image2_in_11' does not match port width (28) of module 'distance' [c:/Users/Pulpecik/distance_zybo2/distance_zybo2.srcs/sources_1/bd/design_zybo2/ipshared/1062/hdl/distance_zybo2_ip_v1_0_S00_AXI.v:1061]
WARNING: [Synth 8-689] width (32) of port connection 'image2_in_12' does not match port width (28) of module 'distance' [c:/Users/Pulpecik/distance_zybo2/distance_zybo2.srcs/sources_1/bd/design_zybo2/ipshared/1062/hdl/distance_zybo2_ip_v1_0_S00_AXI.v:1062]
WARNING: [Synth 8-689] width (32) of port connection 'image2_in_13' does not match port width (28) of module 'distance' [c:/Users/Pulpecik/distance_zybo2/distance_zybo2.srcs/sources_1/bd/design_zybo2/ipshared/1062/hdl/distance_zybo2_ip_v1_0_S00_AXI.v:1063]
WARNING: [Synth 8-689] width (32) of port connection 'image2_in_14' does not match port width (28) of module 'distance' [c:/Users/Pulpecik/distance_zybo2/distance_zybo2.srcs/sources_1/bd/design_zybo2/ipshared/1062/hdl/distance_zybo2_ip_v1_0_S00_AXI.v:1064]
WARNING: [Synth 8-689] width (32) of port connection 'image2_in_15' does not match port width (28) of module 'distance' [c:/Users/Pulpecik/distance_zybo2/distance_zybo2.srcs/sources_1/bd/design_zybo2/ipshared/1062/hdl/distance_zybo2_ip_v1_0_S00_AXI.v:1065]
WARNING: [Synth 8-689] width (32) of port connection 'image2_in_16' does not match port width (28) of module 'distance' [c:/Users/Pulpecik/distance_zybo2/distance_zybo2.srcs/sources_1/bd/design_zybo2/ipshared/1062/hdl/distance_zybo2_ip_v1_0_S00_AXI.v:1066]
WARNING: [Synth 8-689] width (32) of port connection 'image2_in_17' does not match port width (28) of module 'distance' [c:/Users/Pulpecik/distance_zybo2/distance_zybo2.srcs/sources_1/bd/design_zybo2/ipshared/1062/hdl/distance_zybo2_ip_v1_0_S00_AXI.v:1067]
WARNING: [Synth 8-689] width (32) of port connection 'image2_in_18' does not match port width (28) of module 'distance' [c:/Users/Pulpecik/distance_zybo2/distance_zybo2.srcs/sources_1/bd/design_zybo2/ipshared/1062/hdl/distance_zybo2_ip_v1_0_S00_AXI.v:1068]
WARNING: [Synth 8-689] width (32) of port connection 'image2_in_19' does not match port width (28) of module 'distance' [c:/Users/Pulpecik/distance_zybo2/distance_zybo2.srcs/sources_1/bd/design_zybo2/ipshared/1062/hdl/distance_zybo2_ip_v1_0_S00_AXI.v:1069]
WARNING: [Synth 8-689] width (32) of port connection 'image2_in_20' does not match port width (28) of module 'distance' [c:/Users/Pulpecik/distance_zybo2/distance_zybo2.srcs/sources_1/bd/design_zybo2/ipshared/1062/hdl/distance_zybo2_ip_v1_0_S00_AXI.v:1070]
WARNING: [Synth 8-689] width (32) of port connection 'image2_in_21' does not match port width (28) of module 'distance' [c:/Users/Pulpecik/distance_zybo2/distance_zybo2.srcs/sources_1/bd/design_zybo2/ipshared/1062/hdl/distance_zybo2_ip_v1_0_S00_AXI.v:1071]
WARNING: [Synth 8-689] width (32) of port connection 'image2_in_22' does not match port width (28) of module 'distance' [c:/Users/Pulpecik/distance_zybo2/distance_zybo2.srcs/sources_1/bd/design_zybo2/ipshared/1062/hdl/distance_zybo2_ip_v1_0_S00_AXI.v:1072]
WARNING: [Synth 8-689] width (32) of port connection 'image2_in_23' does not match port width (28) of module 'distance' [c:/Users/Pulpecik/distance_zybo2/distance_zybo2.srcs/sources_1/bd/design_zybo2/ipshared/1062/hdl/distance_zybo2_ip_v1_0_S00_AXI.v:1073]
WARNING: [Synth 8-689] width (32) of port connection 'image2_in_24' does not match port width (28) of module 'distance' [c:/Users/Pulpecik/distance_zybo2/distance_zybo2.srcs/sources_1/bd/design_zybo2/ipshared/1062/hdl/distance_zybo2_ip_v1_0_S00_AXI.v:1074]
WARNING: [Synth 8-689] width (32) of port connection 'image2_in_25' does not match port width (28) of module 'distance' [c:/Users/Pulpecik/distance_zybo2/distance_zybo2.srcs/sources_1/bd/design_zybo2/ipshared/1062/hdl/distance_zybo2_ip_v1_0_S00_AXI.v:1075]
WARNING: [Synth 8-689] width (32) of port connection 'image2_in_26' does not match port width (28) of module 'distance' [c:/Users/Pulpecik/distance_zybo2/distance_zybo2.srcs/sources_1/bd/design_zybo2/ipshared/1062/hdl/distance_zybo2_ip_v1_0_S00_AXI.v:1076]
WARNING: [Synth 8-689] width (32) of port connection 'image2_in_27' does not match port width (28) of module 'distance' [c:/Users/Pulpecik/distance_zybo2/distance_zybo2.srcs/sources_1/bd/design_zybo2/ipshared/1062/hdl/distance_zybo2_ip_v1_0_S00_AXI.v:1077]
WARNING: [Synth 8-350] instance 'distance_inst' of module 'distance' requires 62 connections, but only 61 given [c:/Users/Pulpecik/distance_zybo2/distance_zybo2.srcs/sources_1/bd/design_zybo2/ipshared/1062/hdl/distance_zybo2_ip_v1_0_S00_AXI.v:1019]
INFO: [Synth 8-6155] done synthesizing module 'distance_zybo2_ip_v1_0_S00_AXI' (2#1) [c:/Users/Pulpecik/distance_zybo2/distance_zybo2.srcs/sources_1/bd/design_zybo2/ipshared/1062/hdl/distance_zybo2_ip_v1_0_S00_AXI.v:4]
INFO: [Synth 8-6155] done synthesizing module 'distance_zybo2_ip_v1_0' (3#1) [c:/Users/Pulpecik/distance_zybo2/distance_zybo2.srcs/sources_1/bd/design_zybo2/ipshared/1062/hdl/distance_zybo2_ip_v1_0.v:4]
INFO: [Synth 8-6155] done synthesizing module 'design_zybo2_distance_zybo2_ip_0_0' (4#1) [c:/Users/Pulpecik/distance_zybo2/distance_zybo2.srcs/sources_1/bd/design_zybo2/ip/design_zybo2_distance_zybo2_ip_0_0/synth/design_zybo2_distance_zybo2_ip_0_0.v:57]
WARNING: [Synth 8-3331] design distance_zybo2_ip_v1_0_S00_AXI has unconnected port S_AXI_AWPROT[2]
WARNING: [Synth 8-3331] design distance_zybo2_ip_v1_0_S00_AXI has unconnected port S_AXI_AWPROT[1]
WARNING: [Synth 8-3331] design distance_zybo2_ip_v1_0_S00_AXI has unconnected port S_AXI_AWPROT[0]
WARNING: [Synth 8-3331] design distance_zybo2_ip_v1_0_S00_AXI has unconnected port S_AXI_ARPROT[2]
WARNING: [Synth 8-3331] design distance_zybo2_ip_v1_0_S00_AXI has unconnected port S_AXI_ARPROT[1]
WARNING: [Synth 8-3331] design distance_zybo2_ip_v1_0_S00_AXI has unconnected port S_AXI_ARPROT[0]
---------------------------------------------------------------------------------
Finished RTL Elaboration : Time (s): cpu = 00:00:30 ; elapsed = 00:00:41 . Memory (MB): peak = 557.809 ; gain = 186.645
---------------------------------------------------------------------------------

Report Check Netlist: 
+------+------------------+-------+---------+-------+------------------+
|      |Item              |Errors |Warnings |Status |Description       |
+------+------------------+-------+---------+-------+------------------+
|1     |multi_driven_nets |      0|        0|Passed |Multi driven nets |
+------+------------------+-------+---------+-------+------------------+
---------------------------------------------------------------------------------
Start Handling Custom Attributes
---------------------------------------------------------------------------------
---------------------------------------------------------------------------------
Finished Handling Custom Attributes : Time (s): cpu = 00:00:31 ; elapsed = 00:00:43 . Memory (MB): peak = 557.809 ; gain = 186.645
---------------------------------------------------------------------------------
---------------------------------------------------------------------------------
Finished RTL Optimization Phase 1 : Time (s): cpu = 00:00:31 ; elapsed = 00:00:43 . Memory (MB): peak = 557.809 ; gain = 186.645
---------------------------------------------------------------------------------
INFO: [Device 21-403] Loading part xc7z010clg400-1
INFO: [Project 1-570] Preparing netlist for logic optimization

Processing XDC Constraints
Initializing timing engine
Completed Processing XDC Constraints

INFO: [Project 1-111] Unisim Transformation Summary:
No Unisim elements were transformed.

Constraint Validation Runtime : Time (s): cpu = 00:00:01 ; elapsed = 00:00:00.867 . Memory (MB): peak = 892.453 ; gain = 0.137
---------------------------------------------------------------------------------
Finished Constraint Validation : Time (s): cpu = 00:01:31 ; elapsed = 00:02:14 . Memory (MB): peak = 892.453 ; gain = 521.289
---------------------------------------------------------------------------------
---------------------------------------------------------------------------------
Start Loading Part and Timing Information
---------------------------------------------------------------------------------
Loading part: xc7z010clg400-1
---------------------------------------------------------------------------------
Finished Loading Part and Timing Information : Time (s): cpu = 00:01:31 ; elapsed = 00:02:14 . Memory (MB): peak = 892.453 ; gain = 521.289
---------------------------------------------------------------------------------
---------------------------------------------------------------------------------
Start Applying 'set_property' XDC Constraints
---------------------------------------------------------------------------------
---------------------------------------------------------------------------------
Finished applying 'set_property' XDC Constraints : Time (s): cpu = 00:01:31 ; elapsed = 00:02:14 . Memory (MB): peak = 892.453 ; gain = 521.289
---------------------------------------------------------------------------------
---------------------------------------------------------------------------------
Finished RTL Optimization Phase 2 : Time (s): cpu = 00:01:39 ; elapsed = 00:02:24 . Memory (MB): peak = 892.453 ; gain = 521.289
---------------------------------------------------------------------------------

Report RTL Partitions: 
+-+--------------+------------+----------+
| |RTL Partition |Replication |Instances |
+-+--------------+------------+----------+
+-+--------------+------------+----------+
---------------------------------------------------------------------------------
Start RTL Component Statistics 
---------------------------------------------------------------------------------
Detailed RTL Component Info : 
+---Adders : 
	   2 Input     28 Bit       Adders := 28    
	  28 Input     28 Bit       Adders := 1     
	   2 Input      5 Bit       Adders := 1     
+---XORs : 
	   2 Input     28 Bit         XORs := 28    
+---Registers : 
	               32 Bit    Registers := 58    
	               28 Bit    Registers := 30    
	                8 Bit    Registers := 2     
	                5 Bit    Registers := 1     
	                4 Bit    Registers := 1     
	                2 Bit    Registers := 2     
	                1 Bit    Registers := 8     
+---Muxes : 
	   2 Input     32 Bit        Muxes := 57    
	   2 Input     28 Bit        Muxes := 29    
	   8 Input     28 Bit        Muxes := 29    
	   2 Input      5 Bit        Muxes := 1     
	   8 Input      5 Bit        Muxes := 1     
	   2 Input      3 Bit        Muxes := 3     
	   8 Input      3 Bit        Muxes := 1     
	   2 Input      1 Bit        Muxes := 12    
	   8 Input      1 Bit        Muxes := 6     
---------------------------------------------------------------------------------
Finished RTL Component Statistics 
---------------------------------------------------------------------------------
---------------------------------------------------------------------------------
Start RTL Hierarchical Component Statistics 
---------------------------------------------------------------------------------
Hierarchical RTL Component report 
Module distance 
Detailed RTL Component Info : 
+---Adders : 
	   2 Input     28 Bit       Adders := 28    
	  28 Input     28 Bit       Adders := 1     
	   2 Input      5 Bit       Adders := 1     
+---XORs : 
	   2 Input     28 Bit         XORs := 28    
+---Registers : 
	               28 Bit    Registers := 29    
	                5 Bit    Registers := 1     
	                4 Bit    Registers := 1     
	                1 Bit    Registers := 1     
+---Muxes : 
	   2 Input     28 Bit        Muxes := 29    
	   8 Input     28 Bit        Muxes := 29    
	   2 Input      5 Bit        Muxes := 1     
	   8 Input      5 Bit        Muxes := 1     
	   2 Input      3 Bit        Muxes := 3     
	   8 Input      3 Bit        Muxes := 1     
	   2 Input      1 Bit        Muxes := 7     
	   8 Input      1 Bit        Muxes := 6     
Module distance_zybo2_ip_v1_0_S00_AXI 
Detailed RTL Component Info : 
+---Registers : 
	               32 Bit    Registers := 58    
	               28 Bit    Registers := 1     
	                8 Bit    Registers := 2     
	                2 Bit    Registers := 2     
	                1 Bit    Registers := 7     
+---Muxes : 
	   2 Input     32 Bit        Muxes := 57    
	   2 Input      1 Bit        Muxes := 5     
---------------------------------------------------------------------------------
Finished RTL Hierarchical Component Statistics
---------------------------------------------------------------------------------
---------------------------------------------------------------------------------
Start Part Resource Summary
---------------------------------------------------------------------------------
Part Resources:
DSPs: 80 (col length:40)
BRAMs: 120 (col length: RAMB18 40 RAMB36 20)
---------------------------------------------------------------------------------
Finished Part Resource Summary
---------------------------------------------------------------------------------
---------------------------------------------------------------------------------
Start Cross Boundary and Area Optimization
---------------------------------------------------------------------------------
Warning: Parallel synthesis criteria is not met 
WARNING: [Synth 8-3331] design distance_zybo2_ip_v1_0_S00_AXI has unconnected port S_AXI_AWPROT[2]
WARNING: [Synth 8-3331] design distance_zybo2_ip_v1_0_S00_AXI has unconnected port S_AXI_AWPROT[1]
WARNING: [Synth 8-3331] design distance_zybo2_ip_v1_0_S00_AXI has unconnected port S_AXI_AWPROT[0]
WARNING: [Synth 8-3331] design distance_zybo2_ip_v1_0_S00_AXI has unconnected port S_AXI_ARPROT[2]
WARNING: [Synth 8-3331] design distance_zybo2_ip_v1_0_S00_AXI has unconnected port S_AXI_ARPROT[1]
WARNING: [Synth 8-3331] design distance_zybo2_ip_v1_0_S00_AXI has unconnected port S_AXI_ARPROT[0]
INFO: [Synth 8-3333] propagating constant 0 across sequential element (\inst/distance_zybo2_ip_v1_0_S00_AXI_inst /distance_inst/\state_reg[3] )
INFO: [Synth 8-3886] merging instance 'inst/distance_zybo2_ip_v1_0_S00_AXI_inst/axi_rresp_reg[0]' (FDRE) to 'inst/distance_zybo2_ip_v1_0_S00_AXI_inst/axi_rresp_reg[1]'
INFO: [Synth 8-3333] propagating constant 0 across sequential element (\inst/distance_zybo2_ip_v1_0_S00_AXI_inst /\axi_rresp_reg[1] )
INFO: [Synth 8-3886] merging instance 'inst/distance_zybo2_ip_v1_0_S00_AXI_inst/axi_bresp_reg[0]' (FDRE) to 'inst/distance_zybo2_ip_v1_0_S00_AXI_inst/axi_bresp_reg[1]'
INFO: [Synth 8-3333] propagating constant 0 across sequential element (\inst/distance_zybo2_ip_v1_0_S00_AXI_inst /\axi_bresp_reg[1] )
WARNING: [Synth 8-3332] Sequential element (state_reg[3]) is unused and will be removed from module distance.
WARNING: [Synth 8-3332] Sequential element (axi_bresp_reg[1]) is unused and will be removed from module distance_zybo2_ip_v1_0_S00_AXI.
WARNING: [Synth 8-3332] Sequential element (axi_awaddr_reg[1]) is unused and will be removed from module distance_zybo2_ip_v1_0_S00_AXI.
WARNING: [Synth 8-3332] Sequential element (axi_awaddr_reg[0]) is unused and will be removed from module distance_zybo2_ip_v1_0_S00_AXI.
WARNING: [Synth 8-3332] Sequential element (axi_araddr_reg[1]) is unused and will be removed from module distance_zybo2_ip_v1_0_S00_AXI.
WARNING: [Synth 8-3332] Sequential element (axi_araddr_reg[0]) is unused and will be removed from module distance_zybo2_ip_v1_0_S00_AXI.
WARNING: [Synth 8-3332] Sequential element (axi_rresp_reg[1]) is unused and will be removed from module distance_zybo2_ip_v1_0_S00_AXI.
---------------------------------------------------------------------------------
Finished Cross Boundary and Area Optimization : Time (s): cpu = 00:02:17 ; elapsed = 00:03:12 . Memory (MB): peak = 892.453 ; gain = 521.289
---------------------------------------------------------------------------------

Report RTL Partitions: 
+-+--------------+------------+----------+
| |RTL Partition |Replication |Instances |
+-+--------------+------------+----------+
+-+--------------+------------+----------+
---------------------------------------------------------------------------------
Start Applying XDC Timing Constraints
---------------------------------------------------------------------------------
---------------------------------------------------------------------------------
Finished Applying XDC Timing Constraints : Time (s): cpu = 00:02:55 ; elapsed = 00:03:59 . Memory (MB): peak = 892.453 ; gain = 521.289
---------------------------------------------------------------------------------
---------------------------------------------------------------------------------
Start Timing Optimization
---------------------------------------------------------------------------------
---------------------------------------------------------------------------------
Finished Timing Optimization : Time (s): cpu = 00:02:58 ; elapsed = 00:04:02 . Memory (MB): peak = 892.453 ; gain = 521.289
---------------------------------------------------------------------------------

Report RTL Partitions: 
+-+--------------+------------+----------+
| |RTL Partition |Replication |Instances |
+-+--------------+------------+----------+
+-+--------------+------------+----------+
---------------------------------------------------------------------------------
Start Technology Mapping
---------------------------------------------------------------------------------
---------------------------------------------------------------------------------
Finished Technology Mapping : Time (s): cpu = 00:03:03 ; elapsed = 00:04:09 . Memory (MB): peak = 904.227 ; gain = 533.063
---------------------------------------------------------------------------------

Report RTL Partitions: 
+-+--------------+------------+----------+
| |RTL Partition |Replication |Instances |
+-+--------------+------------+----------+
+-+--------------+------------+----------+
---------------------------------------------------------------------------------
Start IO Insertion
---------------------------------------------------------------------------------
---------------------------------------------------------------------------------
Start Flattening Before IO Insertion
---------------------------------------------------------------------------------
---------------------------------------------------------------------------------
Finished Flattening Before IO Insertion
---------------------------------------------------------------------------------
---------------------------------------------------------------------------------
Start Final Netlist Cleanup
---------------------------------------------------------------------------------
---------------------------------------------------------------------------------
Finished Final Netlist Cleanup
---------------------------------------------------------------------------------
---------------------------------------------------------------------------------
Finished IO Insertion : Time (s): cpu = 00:03:08 ; elapsed = 00:04:15 . Memory (MB): peak = 904.227 ; gain = 533.063
---------------------------------------------------------------------------------

Report Check Netlist: 
+------+------------------+-------+---------+-------+------------------+
|      |Item              |Errors |Warnings |Status |Description       |
+------+------------------+-------+---------+-------+------------------+
|1     |multi_driven_nets |      0|        0|Passed |Multi driven nets |
+------+------------------+-------+---------+-------+------------------+
---------------------------------------------------------------------------------
Start Renaming Generated Instances
---------------------------------------------------------------------------------
---------------------------------------------------------------------------------
Finished Renaming Generated Instances : Time (s): cpu = 00:03:08 ; elapsed = 00:04:15 . Memory (MB): peak = 904.227 ; gain = 533.063
---------------------------------------------------------------------------------

Report RTL Partitions: 
+-+--------------+------------+----------+
| |RTL Partition |Replication |Instances |
+-+--------------+------------+----------+
+-+--------------+------------+----------+
---------------------------------------------------------------------------------
Start Rebuilding User Hierarchy
---------------------------------------------------------------------------------
---------------------------------------------------------------------------------
Finished Rebuilding User Hierarchy : Time (s): cpu = 00:03:09 ; elapsed = 00:04:16 . Memory (MB): peak = 904.227 ; gain = 533.063
---------------------------------------------------------------------------------
---------------------------------------------------------------------------------
Start Renaming Generated Ports
---------------------------------------------------------------------------------
---------------------------------------------------------------------------------
Finished Renaming Generated Ports : Time (s): cpu = 00:03:09 ; elapsed = 00:04:16 . Memory (MB): peak = 904.227 ; gain = 533.063
---------------------------------------------------------------------------------
---------------------------------------------------------------------------------
Start Handling Custom Attributes
---------------------------------------------------------------------------------
---------------------------------------------------------------------------------
Finished Handling Custom Attributes : Time (s): cpu = 00:03:09 ; elapsed = 00:04:16 . Memory (MB): peak = 904.227 ; gain = 533.063
---------------------------------------------------------------------------------
---------------------------------------------------------------------------------
Start Renaming Generated Nets
---------------------------------------------------------------------------------
---------------------------------------------------------------------------------
Finished Renaming Generated Nets : Time (s): cpu = 00:03:09 ; elapsed = 00:04:16 . Memory (MB): peak = 904.227 ; gain = 533.063
---------------------------------------------------------------------------------
---------------------------------------------------------------------------------
Start Writing Synthesis Report
---------------------------------------------------------------------------------

Report BlackBoxes: 
+-+--------------+----------+
| |BlackBox name |Instances |
+-+--------------+----------+
+-+--------------+----------+

Report Cell Usage: 
+------+-------+------+
|      |Cell   |Count |
+------+-------+------+
|1     |CARRY4 |   287|
|2     |LUT1   |     5|
|3     |LUT2   |     6|
|4     |LUT3   |   356|
|5     |LUT4   |   325|
|6     |LUT5   |   111|
|7     |LUT6   |  1205|
|8     |MUXF7  |   364|
|9     |MUXF8  |    68|
|10    |FDRE   |  2728|
|11    |FDSE   |    10|
+------+-------+------+

Report Instance Areas: 
+------+----------------------------------------+-------------------------------+------+
|      |Instance                                |Module                         |Cells |
+------+----------------------------------------+-------------------------------+------+
|1     |top                                     |                               |  5465|
|2     |  inst                                  |distance_zybo2_ip_v1_0         |  5465|
|3     |    distance_zybo2_ip_v1_0_S00_AXI_inst |distance_zybo2_ip_v1_0_S00_AXI |  5461|
|4     |      distance_inst                     |distance                       |  2511|
+------+----------------------------------------+-------------------------------+------+
---------------------------------------------------------------------------------
Finished Writing Synthesis Report : Time (s): cpu = 00:03:09 ; elapsed = 00:04:16 . Memory (MB): peak = 904.227 ; gain = 533.063
---------------------------------------------------------------------------------
Synthesis finished with 0 errors, 0 critical warnings and 13 warnings.
Synthesis Optimization Runtime : Time (s): cpu = 00:02:04 ; elapsed = 00:03:20 . Memory (MB): peak = 904.227 ; gain = 198.418
Synthesis Optimization Complete : Time (s): cpu = 00:03:10 ; elapsed = 00:04:17 . Memory (MB): peak = 904.227 ; gain = 533.063
INFO: [Project 1-571] Translating synthesized netlist
INFO: [Netlist 29-17] Analyzing 719 Unisim elements for replacement
INFO: [Netlist 29-28] Unisim Transformation completed in 0 CPU seconds
INFO: [Project 1-570] Preparing netlist for logic optimization
INFO: [Opt 31-138] Pushed 0 inverter(s) to 0 load pin(s).
INFO: [Project 1-111] Unisim Transformation Summary:
No Unisim elements were transformed.

INFO: [Common 17-83] Releasing license: Synthesis
24 Infos, 77 Warnings, 0 Critical Warnings and 0 Errors encountered.
synth_design completed successfully
synth_design: Time (s): cpu = 00:03:17 ; elapsed = 00:04:26 . Memory (MB): peak = 904.227 ; gain = 544.531
INFO: [Common 17-1381] The checkpoint 'C:/Users/Pulpecik/distance_zybo2/distance_zybo2.runs/design_zybo2_distance_zybo2_ip_0_0_synth_1/design_zybo2_distance_zybo2_ip_0_0.dcp' has been generated.
INFO: [Coretcl 2-1482] Added synthesis output to IP cache for IP c:/Users/Pulpecik/distance_zybo2/distance_zybo2.srcs/sources_1/bd/design_zybo2/ip/design_zybo2_distance_zybo2_ip_0_0/design_zybo2_distance_zybo2_ip_0_0.xci
INFO: [Coretcl 2-1174] Renamed 3 cell refs.
INFO: [Common 17-1381] The checkpoint 'C:/Users/Pulpecik/distance_zybo2/distance_zybo2.runs/design_zybo2_distance_zybo2_ip_0_0_synth_1/design_zybo2_distance_zybo2_ip_0_0.dcp' has been generated.
INFO: [runtcl-4] Executing : report_utilization -file design_zybo2_distance_zybo2_ip_0_0_utilization_synth.rpt -pb design_zybo2_distance_zybo2_ip_0_0_utilization_synth.pb
report_utilization: Time (s): cpu = 00:00:00 ; elapsed = 00:00:00.152 . Memory (MB): peak = 904.227 ; gain = 0.000
INFO: [Common 17-206] Exiting Vivado at Mon Jun 18 08:44:16 2018...
